# JRE version: Java(TM) SE Runtime Environment (8.0_152-b16) (build 1.8.0_152-b16)
# Java VM: Java HotSpot(TM) 64-Bit Server VM (25.152-b16 mixed mode bsd-amd64 compressed oops)
Heap:
 PSYoungGen      total 268800K, used 135408K [0x0000000795580000, 0x00000007a8280000, 0x00000007c0000000)
  eden space 229376K, 53% used [0x0000000795580000,0x000000079ccddd00,0x00000007a3580000)
  from space 39424K, 33% used [0x00000007a5c00000,0x00000007a68de4e8,0x00000007a8280000)
  to   space 39424K, 0% used [0x00000007a3580000,0x00000007a3580000,0x00000007a5c00000)
 ParOldGen       total 225280K, used 103046K [0x0000000740000000, 0x000000074dc00000, 0x0000000795580000)
  object space 225280K, 45% used [0x0000000740000000,0x00000007464a1ac8,0x000000074dc00000)
 Metaspace       used 23318K, capacity 24896K, committed 25088K, reserved 1071104K
  class space    used 3293K, capacity 3571K, committed 3584K, reserved 1048576K
GC Heap History (10 events):
Event: 44.083 GC heap before
{Heap before GC invocations=12 (full 2):
 PSYoungGen      total 177664K, used 137229K [0x0000000795580000, 0x00000007a4b00000, 0x00000007c0000000)
  eden space 128000K, 100% used [0x0000000795580000,0x000000079d280000,0x000000079d280000)
  from space 49664K, 18% used [0x000000079d280000,0x000000079db83628,0x00000007a0300000)
  to   space 48128K, 0% used [0x00000007a1c00000,0x00000007a1c00000,0x00000007a4b00000)
 ParOldGen       total 225280K, used 103030K [0x0000000740000000, 0x000000074dc00000, 0x0000000795580000)
  object space 225280K, 45% used [0x0000000740000000,0x000000074649dac8,0x000000074dc00000)
 Metaspace       used 23309K, capacity 24896K, committed 25088K, reserved 1071104K
  class space    used 3293K, capacity 3571K, committed 3584K, reserved 1048576K
Event: 44.100 GC heap after
Heap after GC invocations=12 (full 2):
 PSYoungGen      total 202240K, used 9310K [0x0000000795580000, 0x00000007a4900000, 0x00000007c0000000)
  eden space 156160K, 0% used [0x0000000795580000,0x0000000795580000,0x000000079ee00000)
  from space 46080K, 20% used [0x00000007a1c00000,0x00000007a2517ba8,0x00000007a4900000)
  to   space 46592K, 0% used [0x000000079ee00000,0x000000079ee00000,0x00000007a1b80000)
 ParOldGen       total 225280K, used 103038K [0x0000000740000000, 0x000000074dc00000, 0x0000000795580000)
  object space 225280K, 45% used [0x0000000740000000,0x000000074649fac8,0x000000074dc00000)
 Metaspace       used 23309K, capacity 24896K, committed 25088K, reserved 1071104K
  class space    used 3293K, capacity 3571K, committed 3584K, reserved 1048576K
}
Event: 44.690 GC heap before
{Heap before GC invocations=13 (full 2):
 PSYoungGen      total 202240K, used 165470K [0x0000000795580000, 0x00000007a4900000, 0x00000007c0000000)
  eden space 156160K, 100% used [0x0000000795580000,0x000000079ee00000,0x000000079ee00000)
  from space 46080K, 20% used [0x00000007a1c00000,0x00000007a2517ba8,0x00000007a4900000)
  to   space 46592K, 0% used [0x000000079ee00000,0x000000079ee00000,0x00000007a1b80000)
 ParOldGen       total 225280K, used 103038K [0x0000000740000000, 0x000000074dc00000, 0x0000000795580000)
  object space 225280K, 45% used [0x0000000740000000,0x000000074649fac8,0x000000074dc00000)
 Metaspace       used 23309K, capacity 24896K, committed 25088K, reserved 1071104K
  class space    used 3293K, capacity 3571K, committed 3584K, reserved 1048576K
Event: 44.700 GC heap after
Heap after GC invocations=13 (full 2):
 PSYoungGen      total 202752K, used 9469K [0x0000000795580000, 0x00000007a6680000, 0x00000007c0000000)
  eden space 156160K, 0% used [0x0000000795580000,0x0000000795580000,0x000000079ee00000)
  from space 46592K, 20% used [0x000000079ee00000,0x000000079f73f680,0x00000007a1b80000)
  to   space 45568K, 0% used [0x00000007a3a00000,0x00000007a3a00000,0x00000007a6680000)
 ParOldGen       total 225280K, used 103046K [0x0000000740000000, 0x000000074dc00000, 0x0000000795580000)
  object space 225280K, 45% used [0x0000000740000000,0x00000007464a1ac8,0x000000074dc00000)
 Metaspace       used 23309K, capacity 24896K, committed 25088K, reserved 1071104K
  class space    used 3293K, capacity 3571K, committed 3584K, reserved 1048576K
}
Event: 45.191 GC heap before
{Heap before GC invocations=14 (full 2):
 PSYoungGen      total 202752K, used 165629K [0x0000000795580000, 0x00000007a6680000, 0x00000007c0000000)
  eden space 156160K, 100% used [0x0000000795580000,0x000000079ee00000,0x000000079ee00000)
  from space 46592K, 20% used [0x000000079ee00000,0x000000079f73f680,0x00000007a1b80000)
  to   space 45568K, 0% used [0x00000007a3a00000,0x00000007a3a00000,0x00000007a6680000)
 ParOldGen       total 225280K, used 103046K [0x0000000740000000, 0x000000074dc00000, 0x0000000795580000)
  object space 225280K, 45% used [0x0000000740000000,0x00000007464a1ac8,0x000000074dc00000)
 Metaspace       used 23309K, capacity 24896K, committed 25088K, reserved 1071104K
  class space    used 3293K, capacity 3571K, committed 3584K, reserved 1048576K
Event: 45.205 GC heap after
Heap after GC invocations=14 (full 2):
 PSYoungGen      total 230912K, used 13023K [0x0000000795580000, 0x00000007a6280000, 0x00000007c0000000)
  eden space 189440K, 0% used [0x0000000795580000,0x0000000795580000,0x00000007a0e80000)
  from space 41472K, 31% used [0x00000007a3a00000,0x00000007a46b7ea0,0x00000007a6280000)
  to   space 43008K, 0% used [0x00000007a0e80000,0x00000007a0e80000,0x00000007a3880000)
 ParOldGen       total 225280K, used 103046K [0x0000000740000000, 0x000000074dc00000, 0x0000000795580000)
  object space 225280K, 45% used [0x0000000740000000,0x00000007464a1ac8,0x000000074dc00000)
 Metaspace       used 23309K, capacity 24896K, committed 25088K, reserved 1071104K
  class space    used 3293K, capacity 3571K, committed 3584K, reserved 1048576K
}
Event: 45.772 GC heap before
{Heap before GC invocations=15 (full 2):
 PSYoungGen      total 230912K, used 202463K [0x0000000795580000, 0x00000007a6280000, 0x00000007c0000000)
  eden space 189440K, 100% used [0x0000000795580000,0x00000007a0e80000,0x00000007a0e80000)
  from space 41472K, 31% used [0x00000007a3a00000,0x00000007a46b7ea0,0x00000007a6280000)
  to   space 43008K, 0% used [0x00000007a0e80000,0x00000007a0e80000,0x00000007a3880000)
 ParOldGen       total 225280K, used 103046K [0x0000000740000000, 0x000000074dc00000, 0x0000000795580000)
  object space 225280K, 45% used [0x0000000740000000,0x00000007464a1ac8,0x000000074dc00000)
 Metaspace       used 23310K, capacity 24896K, committed 25088K, reserved 1071104K
  class space    used 3293K, capacity 3571K, committed 3584K, reserved 1048576K
Event: 45.782 GC heap after
Heap after GC invocations=15 (full 2):
 PSYoungGen      total 232448K, used 13113K [0x0000000795580000, 0x00000007a8400000, 0x00000007c0000000)
  eden space 189440K, 0% used [0x0000000795580000,0x0000000795580000,0x00000007a0e80000)
  from space 43008K, 30% used [0x00000007a0e80000,0x00000007a1b4e758,0x00000007a3880000)
  to   space 40960K, 0% used [0x00000007a5c00000,0x00000007a5c00000,0x00000007a8400000)
 ParOldGen       total 225280K, used 103046K [0x0000000740000000, 0x000000074dc00000, 0x0000000795580000)
  object space 225280K, 45% used [0x0000000740000000,0x00000007464a1ac8,0x000000074dc00000)
 Metaspace       used 23310K, capacity 24896K, committed 25088K, reserved 1071104K
  class space    used 3293K, capacity 3571K, committed 3584K, reserved 1048576K
}
Event: 46.286 GC heap before
{Heap before GC invocations=16 (full 2):
 PSYoungGen      total 232448K, used 202553K [0x0000000795580000, 0x00000007a8400000, 0x00000007c0000000)
  eden space 189440K, 100% used [0x0000000795580000,0x00000007a0e80000,0x00000007a0e80000)
  from space 43008K, 30% used [0x00000007a0e80000,0x00000007a1b4e758,0x00000007a3880000)
  to   space 40960K, 0% used [0x00000007a5c00000,0x00000007a5c00000,0x00000007a8400000)
 ParOldGen       total 225280K, used 103046K [0x0000000740000000, 0x000000074dc00000, 0x0000000795580000)
  object space 225280K, 45% used [0x0000000740000000,0x00000007464a1ac8,0x000000074dc00000)
 Metaspace       used 23310K, capacity 24896K, committed 25088K, reserved 1071104K
  class space    used 3293K, capacity 3571K, committed 3584K, reserved 1048576K
Event: 46.300 GC heap after
Heap after GC invocations=16 (full 2):
 PSYoungGen      total 268800K, used 13177K [0x0000000795580000, 0x00000007a8280000, 0x00000007c0000000)
  eden space 229376K, 0% used [0x0000000795580000,0x0000000795580000,0x00000007a3580000)
  from space 39424K, 33% used [0x00000007a5c00000,0x00000007a68de4e8,0x00000007a8280000)
  to   space 39424K, 0% used [0x00000007a3580000,0x00000007a3580000,0x00000007a5c00000)
 ParOldGen       total 225280K, used 103046K [0x0000000740000000, 0x000000074dc00000, 0x0000000795580000)
  object space 225280K, 45% used [0x0000000740000000,0x00000007464a1ac8,0x000000074dc00000)
 Metaspace       used 23310K, capacity 24896K, committed 25088K, reserved 1071104K
  class space    used 3293K, capacity 3571K, committed 3584K, reserved 1048576K
}

