# JRE version: Java(TM) SE Runtime Environment (8.0_144-b01) (build 1.8.0_144-b01)
# Java VM: Java HotSpot(TM) 64-Bit Server VM (25.144-b01 mixed mode bsd-amd64 compressed oops)
Heap:
 PSYoungGen      total 71680K, used 33907K [0x0000000795580000, 0x00000007a2280000, 0x00000007c0000000)
  eden space 66560K, 43% used [0x0000000795580000,0x00000007971a4cc0,0x0000000799680000)
  from space 5120K, 99% used [0x0000000799680000,0x0000000799b78010,0x0000000799b80000)
  to   space 47616K, 0% used [0x000000079f400000,0x000000079f400000,0x00000007a2280000)
 ParOldGen       total 164864K, used 105605K [0x0000000740000000, 0x000000074a100000, 0x0000000795580000)
  object space 164864K, 64% used [0x0000000740000000,0x00000007467215c8,0x000000074a100000)
 Metaspace       used 22946K, capacity 24484K, committed 24832K, reserved 1071104K
  class space    used 3221K, capacity 3479K, committed 3584K, reserved 1048576K
GC Heap History (10 events):
Event: 1.561 GC heap before
{Heap before GC invocations=2 (full 0):
 PSYoungGen      total 38400K, used 37105K [0x0000000795580000, 0x0000000798000000, 0x00000007c0000000)
  eden space 33280K, 98% used [0x0000000795580000,0x0000000797578768,0x0000000797600000)
  from space 5120K, 85% used [0x0000000797600000,0x0000000797a44050,0x0000000797b00000)
  to   space 5120K, 0% used [0x0000000797b00000,0x0000000797b00000,0x0000000798000000)
 ParOldGen       total 87552K, used 80K [0x0000000740000000, 0x0000000745580000, 0x0000000795580000)
  object space 87552K, 0% used [0x0000000740000000,0x0000000740014010,0x0000000745580000)
 Metaspace       used 15095K, capacity 15818K, committed 16000K, reserved 1062912K
  class space    used 2144K, capacity 2306K, committed 2432K, reserved 1048576K
Event: 1.577 GC heap after
Heap after GC invocations=2 (full 0):
 PSYoungGen      total 38400K, used 5099K [0x0000000795580000, 0x000000079a080000, 0x00000007c0000000)
  eden space 33280K, 0% used [0x0000000795580000,0x0000000795580000,0x0000000797600000)
  from space 5120K, 99% used [0x0000000797b00000,0x0000000797ffad88,0x0000000798000000)
  to   space 5120K, 0% used [0x0000000797600000,0x0000000797600000,0x0000000797b00000)
 ParOldGen       total 87552K, used 16523K [0x0000000740000000, 0x0000000745580000, 0x0000000795580000)
  object space 87552K, 18% used [0x0000000740000000,0x0000000741022f00,0x0000000745580000)
 Metaspace       used 15095K, capacity 15818K, committed 16000K, reserved 1062912K
  class space    used 2144K, capacity 2306K, committed 2432K, reserved 1048576K
}
Event: 1.683 GC heap before
{Heap before GC invocations=3 (full 0):
 PSYoungGen      total 38400K, used 37994K [0x0000000795580000, 0x000000079a080000, 0x00000007c0000000)
  eden space 33280K, 98% used [0x0000000795580000,0x000000079759fb98,0x0000000797600000)
  from space 5120K, 99% used [0x0000000797b00000,0x0000000797ffad88,0x0000000798000000)
  to   space 5120K, 0% used [0x0000000797600000,0x0000000797600000,0x0000000797b00000)
 ParOldGen       total 87552K, used 16523K [0x0000000740000000, 0x0000000745580000, 0x0000000795580000)
  object space 87552K, 18% used [0x0000000740000000,0x0000000741022f00,0x0000000745580000)
 Metaspace       used 15096K, capacity 15818K, committed 16000K, reserved 1062912K
  class space    used 2144K, capacity 2306K, committed 2432K, reserved 1048576K
Event: 1.709 GC heap after
Heap after GC invocations=3 (full 0):
 PSYoungGen      total 38400K, used 5105K [0x0000000795580000, 0x000000079a080000, 0x00000007c0000000)
  eden space 33280K, 0% used [0x0000000795580000,0x0000000795580000,0x0000000797600000)
  from space 5120K, 99% used [0x0000000797600000,0x0000000797afc468,0x0000000797b00000)
  to   space 5120K, 0% used [0x0000000799b80000,0x0000000799b80000,0x000000079a080000)
 ParOldGen       total 87552K, used 46240K [0x0000000740000000, 0x0000000745580000, 0x0000000795580000)
  object space 87552K, 52% used [0x0000000740000000,0x0000000742d28140,0x0000000745580000)
 Metaspace       used 15096K, capacity 15818K, committed 16000K, reserved 1062912K
  class space    used 2144K, capacity 2306K, committed 2432K, reserved 1048576K
}
Event: 1.848 GC heap before
{Heap before GC invocations=4 (full 0):
 PSYoungGen      total 38400K, used 37452K [0x0000000795580000, 0x000000079a080000, 0x00000007c0000000)
  eden space 33280K, 97% used [0x0000000795580000,0x0000000797516ea0,0x0000000797600000)
  from space 5120K, 99% used [0x0000000797600000,0x0000000797afc468,0x0000000797b00000)
  to   space 5120K, 0% used [0x0000000799b80000,0x0000000799b80000,0x000000079a080000)
 ParOldGen       total 87552K, used 46240K [0x0000000740000000, 0x0000000745580000, 0x0000000795580000)
  object space 87552K, 52% used [0x0000000740000000,0x0000000742d28140,0x0000000745580000)
 Metaspace       used 15097K, capacity 15818K, committed 16000K, reserved 1062912K
  class space    used 2144K, capacity 2306K, committed 2432K, reserved 1048576K
Event: 1.866 GC heap after
Heap after GC invocations=4 (full 0):
 PSYoungGen      total 71680K, used 4128K [0x0000000795580000, 0x000000079a080000, 0x00000007c0000000)
  eden space 66560K, 0% used [0x0000000795580000,0x0000000795580000,0x0000000799680000)
  from space 5120K, 80% used [0x0000000799b80000,0x0000000799f88260,0x000000079a080000)
  to   space 5120K, 0% used [0x0000000799680000,0x0000000799680000,0x0000000799b80000)
 ParOldGen       total 87552K, used 75936K [0x0000000740000000, 0x0000000745580000, 0x0000000795580000)
  object space 87552K, 86% used [0x0000000740000000,0x0000000744a28310,0x0000000745580000)
 Metaspace       used 15097K, capacity 15818K, committed 16000K, reserved 1062912K
  class space    used 2144K, capacity 2306K, committed 2432K, reserved 1048576K
}
Event: 1.866 GC heap before
{Heap before GC invocations=5 (full 1):
 PSYoungGen      total 71680K, used 4128K [0x0000000795580000, 0x000000079a080000, 0x00000007c0000000)
  eden space 66560K, 0% used [0x0000000795580000,0x0000000795580000,0x0000000799680000)
  from space 5120K, 80% used [0x0000000799b80000,0x0000000799f88260,0x000000079a080000)
  to   space 5120K, 0% used [0x0000000799680000,0x0000000799680000,0x0000000799b80000)
 ParOldGen       total 87552K, used 75936K [0x0000000740000000, 0x0000000745580000, 0x0000000795580000)
  object space 87552K, 86% used [0x0000000740000000,0x0000000744a28310,0x0000000745580000)
 Metaspace       used 15097K, capacity 15818K, committed 16000K, reserved 1062912K
  class space    used 2144K, capacity 2306K, committed 2432K, reserved 1048576K
Event: 1.914 GC heap after
Heap after GC invocations=5 (full 1):
 PSYoungGen      total 71680K, used 0K [0x0000000795580000, 0x000000079a080000, 0x00000007c0000000)
  eden space 66560K, 0% used [0x0000000795580000,0x0000000795580000,0x0000000799680000)
  from space 5120K, 0% used [0x0000000799b80000,0x0000000799b80000,0x000000079a080000)
  to   space 5120K, 0% used [0x0000000799680000,0x0000000799680000,0x0000000799b80000)
 ParOldGen       total 164864K, used 79878K [0x0000000740000000, 0x000000074a100000, 0x0000000795580000)
  object space 164864K, 48% used [0x0000000740000000,0x0000000744e01ba0,0x000000074a100000)
 Metaspace       used 15097K, capacity 15818K, committed 16000K, reserved 1062912K
  class space    used 2144K, capacity 2306K, committed 2432K, reserved 1048576K
}
Event: 9.317 GC heap before
{Heap before GC invocations=6 (full 1):
 PSYoungGen      total 71680K, used 65585K [0x0000000795580000, 0x000000079a080000, 0x00000007c0000000)
  eden space 66560K, 98% used [0x0000000795580000,0x000000079958c780,0x0000000799680000)
  from space 5120K, 0% used [0x0000000799b80000,0x0000000799b80000,0x000000079a080000)
  to   space 5120K, 0% used [0x0000000799680000,0x0000000799680000,0x0000000799b80000)
 ParOldGen       total 164864K, used 79878K [0x0000000740000000, 0x000000074a100000, 0x0000000795580000)
  object space 164864K, 48% used [0x0000000740000000,0x0000000744e01ba0,0x000000074a100000)
 Metaspace       used 21803K, capacity 23280K, committed 23552K, reserved 1069056K
  class space    used 3193K, capacity 3469K, committed 3584K, reserved 1048576K
Event: 9.350 GC heap after
Heap after GC invocations=6 (full 1):
 PSYoungGen      total 71680K, used 5088K [0x0000000795580000, 0x00000007a2280000, 0x00000007c0000000)
  eden space 66560K, 0% used [0x0000000795580000,0x0000000795580000,0x0000000799680000)
  from space 5120K, 99% used [0x0000000799680000,0x0000000799b78010,0x0000000799b80000)
  to   space 47616K, 0% used [0x000000079f400000,0x000000079f400000,0x00000007a2280000)
 ParOldGen       total 164864K, used 105605K [0x0000000740000000, 0x000000074a100000, 0x0000000795580000)
  object space 164864K, 64% used [0x0000000740000000,0x00000007467215c8,0x000000074a100000)
 Metaspace       used 21803K, capacity 23280K, committed 23552K, reserved 1069056K
  class space    used 3193K, capacity 3469K, committed 3584K, reserved 1048576K
}

