# JRE version: Java(TM) SE Runtime Environment (8.0_152-b16) (build 1.8.0_152-b16)
# Java VM: Java HotSpot(TM) 64-Bit Server VM (25.152-b16 mixed mode bsd-amd64 compressed oops)
Heap:
 PSYoungGen      total 376832K, used 101075K [0x0000000795580000, 0x00000007b0600000, 0x00000007c0000000)
  eden space 349696K, 26% used [0x0000000795580000,0x000000079af1bc60,0x00000007aab00000)
  from space 27136K, 34% used [0x00000007aab00000,0x00000007ab418fa8,0x00000007ac580000)
  to   space 25600K, 0% used [0x00000007aed00000,0x00000007aed00000,0x00000007b0600000)
 ParOldGen       total 244736K, used 116089K [0x0000000740000000, 0x000000074ef00000, 0x0000000795580000)
  object space 244736K, 47% used [0x0000000740000000,0x000000074715e428,0x000000074ef00000)
 Metaspace       used 23771K, capacity 25464K, committed 25728K, reserved 1071104K
  class space    used 3313K, capacity 3643K, committed 3712K, reserved 1048576K
GC Heap History (10 events):
Event: 37.750 GC heap before
{Heap before GC invocations=15 (full 2):
 PSYoungGen      total 280576K, used 253742K [0x0000000795580000, 0x00000007a8880000, 0x00000007c0000000)
  eden space 246272K, 100% used [0x0000000795580000,0x00000007a4600000,0x00000007a4600000)
  from space 34304K, 21% used [0x00000007a6700000,0x00000007a6e4b8d0,0x00000007a8880000)
  to   space 33792K, 0% used [0x00000007a4600000,0x00000007a4600000,0x00000007a6700000)
 ParOldGen       total 244736K, used 114817K [0x0000000740000000, 0x000000074ef00000, 0x0000000795580000)
  object space 244736K, 46% used [0x0000000740000000,0x00000007470207a8,0x000000074ef00000)
 Metaspace       used 23672K, capacity 25324K, committed 25472K, reserved 1071104K
  class space    used 3313K, capacity 3643K, committed 3712K, reserved 1048576K
Event: 37.761 GC heap after
Heap after GC invocations=15 (full 2):
 PSYoungGen      total 280064K, used 8685K [0x0000000795580000, 0x00000007ab080000, 0x00000007c0000000)
  eden space 246272K, 0% used [0x0000000795580000,0x0000000795580000,0x00000007a4600000)
  from space 33792K, 25% used [0x00000007a4600000,0x00000007a4e7b768,0x00000007a6700000)
  to   space 31744K, 0% used [0x00000007a9180000,0x00000007a9180000,0x00000007ab080000)
 ParOldGen       total 244736K, used 114825K [0x0000000740000000, 0x000000074ef00000, 0x0000000795580000)
  object space 244736K, 46% used [0x0000000740000000,0x00000007470227a8,0x000000074ef00000)
 Metaspace       used 23672K, capacity 25324K, committed 25472K, reserved 1071104K
  class space    used 3313K, capacity 3643K, committed 3712K, reserved 1048576K
}
Event: 38.514 GC heap before
{Heap before GC invocations=16 (full 2):
 PSYoungGen      total 280064K, used 254957K [0x0000000795580000, 0x00000007ab080000, 0x00000007c0000000)
  eden space 246272K, 100% used [0x0000000795580000,0x00000007a4600000,0x00000007a4600000)
  from space 33792K, 25% used [0x00000007a4600000,0x00000007a4e7b768,0x00000007a6700000)
  to   space 31744K, 0% used [0x00000007a9180000,0x00000007a9180000,0x00000007ab080000)
 ParOldGen       total 244736K, used 116081K [0x0000000740000000, 0x000000074ef00000, 0x0000000795580000)
  object space 244736K, 47% used [0x0000000740000000,0x000000074715c428,0x000000074ef00000)
 Metaspace       used 23672K, capacity 25324K, committed 25472K, reserved 1071104K
  class space    used 3313K, capacity 3643K, committed 3712K, reserved 1048576K
Event: 38.540 GC heap after
Heap after GC invocations=16 (full 2):
 PSYoungGen      total 325120K, used 8003K [0x0000000795580000, 0x00000007ab480000, 0x00000007c0000000)
  eden space 293376K, 0% used [0x0000000795580000,0x0000000795580000,0x00000007a7400000)
  from space 31744K, 25% used [0x00000007a9180000,0x00000007a9950c88,0x00000007ab080000)
  to   space 30208K, 0% used [0x00000007a7400000,0x00000007a7400000,0x00000007a9180000)
 ParOldGen       total 244736K, used 116089K [0x0000000740000000, 0x000000074ef00000, 0x0000000795580000)
  object space 244736K, 47% used [0x0000000740000000,0x000000074715e428,0x000000074ef00000)
 Metaspace       used 23672K, capacity 25324K, committed 25472K, reserved 1071104K
  class space    used 3313K, capacity 3643K, committed 3712K, reserved 1048576K
}
Event: 39.454 GC heap before
{Heap before GC invocations=17 (full 2):
 PSYoungGen      total 325120K, used 301379K [0x0000000795580000, 0x00000007ab480000, 0x00000007c0000000)
  eden space 293376K, 100% used [0x0000000795580000,0x00000007a7400000,0x00000007a7400000)
  from space 31744K, 25% used [0x00000007a9180000,0x00000007a9950c88,0x00000007ab080000)
  to   space 30208K, 0% used [0x00000007a7400000,0x00000007a7400000,0x00000007a9180000)
 ParOldGen       total 244736K, used 116089K [0x0000000740000000, 0x000000074ef00000, 0x0000000795580000)
  object space 244736K, 47% used [0x0000000740000000,0x000000074715e428,0x000000074ef00000)
 Metaspace       used 23673K, capacity 25324K, committed 25472K, reserved 1071104K
  class space    used 3313K, capacity 3643K, committed 3712K, reserved 1048576K
Event: 39.467 GC heap after
Heap after GC invocations=17 (full 2):
 PSYoungGen      total 323584K, used 11440K [0x0000000795580000, 0x00000007ae680000, 0x00000007c0000000)
  eden space 293376K, 0% used [0x0000000795580000,0x0000000795580000,0x00000007a7400000)
  from space 30208K, 37% used [0x00000007a7400000,0x00000007a7f2c128,0x00000007a9180000)
  to   space 28672K, 0% used [0x00000007aca80000,0x00000007aca80000,0x00000007ae680000)
 ParOldGen       total 244736K, used 116089K [0x0000000740000000, 0x000000074ef00000, 0x0000000795580000)
  object space 244736K, 47% used [0x0000000740000000,0x000000074715e428,0x000000074ef00000)
 Metaspace       used 23673K, capacity 25324K, committed 25472K, reserved 1071104K
  class space    used 3313K, capacity 3643K, committed 3712K, reserved 1048576K
}
Event: 40.273 GC heap before
{Heap before GC invocations=18 (full 2):
 PSYoungGen      total 323584K, used 304816K [0x0000000795580000, 0x00000007ae680000, 0x00000007c0000000)
  eden space 293376K, 100% used [0x0000000795580000,0x00000007a7400000,0x00000007a7400000)
  from space 30208K, 37% used [0x00000007a7400000,0x00000007a7f2c128,0x00000007a9180000)
  to   space 28672K, 0% used [0x00000007aca80000,0x00000007aca80000,0x00000007ae680000)
 ParOldGen       total 244736K, used 116089K [0x0000000740000000, 0x000000074ef00000, 0x0000000795580000)
  object space 244736K, 47% used [0x0000000740000000,0x000000074715e428,0x000000074ef00000)
 Metaspace       used 23678K, capacity 25388K, committed 25472K, reserved 1071104K
  class space    used 3313K, capacity 3643K, committed 3712K, reserved 1048576K
Event: 40.284 GC heap after
Heap after GC invocations=18 (full 2):
 PSYoungGen      total 371712K, used 9591K [0x0000000795580000, 0x00000007ae000000, 0x00000007c0000000)
  eden space 349696K, 0% used [0x0000000795580000,0x0000000795580000,0x00000007aab00000)
  from space 22016K, 43% used [0x00000007aca80000,0x00000007ad3ddc70,0x00000007ae000000)
  to   space 27136K, 0% used [0x00000007aab00000,0x00000007aab00000,0x00000007ac580000)
 ParOldGen       total 244736K, used 116089K [0x0000000740000000, 0x000000074ef00000, 0x0000000795580000)
  object space 244736K, 47% used [0x0000000740000000,0x000000074715e428,0x000000074ef00000)
 Metaspace       used 23678K, capacity 25388K, committed 25472K, reserved 1071104K
  class space    used 3313K, capacity 3643K, committed 3712K, reserved 1048576K
}
Event: 41.249 GC heap before
{Heap before GC invocations=19 (full 2):
 PSYoungGen      total 371712K, used 359287K [0x0000000795580000, 0x00000007ae000000, 0x00000007c0000000)
  eden space 349696K, 100% used [0x0000000795580000,0x00000007aab00000,0x00000007aab00000)
  from space 22016K, 43% used [0x00000007aca80000,0x00000007ad3ddc70,0x00000007ae000000)
  to   space 27136K, 0% used [0x00000007aab00000,0x00000007aab00000,0x00000007ac580000)
 ParOldGen       total 244736K, used 116089K [0x0000000740000000, 0x000000074ef00000, 0x0000000795580000)
  object space 244736K, 47% used [0x0000000740000000,0x000000074715e428,0x000000074ef00000)
 Metaspace       used 23728K, capacity 25396K, committed 25472K, reserved 1071104K
  class space    used 3313K, capacity 3643K, committed 3712K, reserved 1048576K
Event: 41.260 GC heap after
Heap after GC invocations=19 (full 2):
 PSYoungGen      total 376832K, used 9315K [0x0000000795580000, 0x00000007b0600000, 0x00000007c0000000)
  eden space 349696K, 0% used [0x0000000795580000,0x0000000795580000,0x00000007aab00000)
  from space 27136K, 34% used [0x00000007aab00000,0x00000007ab418fa8,0x00000007ac580000)
  to   space 25600K, 0% used [0x00000007aed00000,0x00000007aed00000,0x00000007b0600000)
 ParOldGen       total 244736K, used 116089K [0x0000000740000000, 0x000000074ef00000, 0x0000000795580000)
  object space 244736K, 47% used [0x0000000740000000,0x000000074715e428,0x000000074ef00000)
 Metaspace       used 23728K, capacity 25396K, committed 25472K, reserved 1071104K
  class space    used 3313K, capacity 3643K, committed 3712K, reserved 1048576K
}

