# JRE version: Java(TM) SE Runtime Environment (8.0_152-b16) (build 1.8.0_152-b16)
# Java VM: Java HotSpot(TM) 64-Bit Server VM (25.152-b16 mixed mode bsd-amd64 compressed oops)
Heap:
 PSYoungGen      total 380928K, used 233829K [0x0000000795580000, 0x00000007b4400000, 0x00000007c0000000)
  eden space 335360K, 66% used [0x0000000795580000,0x00000007a3077ab0,0x00000007a9d00000)
  from space 45568K, 21% used [0x00000007a9d00000,0x00000007aa661c30,0x00000007ac980000)
  to   space 43008K, 0% used [0x00000007b1a00000,0x00000007b1a00000,0x00000007b4400000)
 ParOldGen       total 179712K, used 109437K [0x0000000740000000, 0x000000074af80000, 0x0000000795580000)
  object space 179712K, 60% used [0x0000000740000000,0x0000000746adf6d0,0x000000074af80000)
 Metaspace       used 23373K, capacity 25038K, committed 25088K, reserved 1071104K
  class space    used 3292K, capacity 3570K, committed 3584K, reserved 1048576K
GC Heap History (10 events):
Event: 46.679 GC heap before
{Heap before GC invocations=8 (full 1):
 PSYoungGen      total 238592K, used 185123K [0x0000000795580000, 0x00000007a8c00000, 0x00000007c0000000)
  eden space 178688K, 100% used [0x0000000795580000,0x00000007a0400000,0x00000007a0400000)
  from space 59904K, 10% used [0x00000007a3b80000,0x00000007a41c8fb0,0x00000007a7600000)
  to   space 56832K, 0% used [0x00000007a0400000,0x00000007a0400000,0x00000007a3b80000)
 ParOldGen       total 179712K, used 109421K [0x0000000740000000, 0x000000074af80000, 0x0000000795580000)
  object space 179712K, 60% used [0x0000000740000000,0x0000000746adb6d0,0x000000074af80000)
 Metaspace       used 23347K, capacity 24910K, committed 25088K, reserved 1071104K
  class space    used 3292K, capacity 3570K, committed 3584K, reserved 1048576K
Event: 46.693 GC heap after
Heap after GC invocations=8 (full 1):
 PSYoungGen      total 235520K, used 7523K [0x0000000795580000, 0x00000007ac200000, 0x00000007c0000000)
  eden space 178688K, 0% used [0x0000000795580000,0x0000000795580000,0x00000007a0400000)
  from space 56832K, 13% used [0x00000007a0400000,0x00000007a0b58e00,0x00000007a3b80000)
  to   space 53248K, 0% used [0x00000007a8e00000,0x00000007a8e00000,0x00000007ac200000)
 ParOldGen       total 179712K, used 109429K [0x0000000740000000, 0x000000074af80000, 0x0000000795580000)
  object space 179712K, 60% used [0x0000000740000000,0x0000000746add6d0,0x000000074af80000)
 Metaspace       used 23347K, capacity 24910K, committed 25088K, reserved 1071104K
  class space    used 3292K, capacity 3570K, committed 3584K, reserved 1048576K
}
Event: 47.398 GC heap before
{Heap before GC invocations=9 (full 1):
 PSYoungGen      total 235520K, used 186211K [0x0000000795580000, 0x00000007ac200000, 0x00000007c0000000)
  eden space 178688K, 100% used [0x0000000795580000,0x00000007a0400000,0x00000007a0400000)
  from space 56832K, 13% used [0x00000007a0400000,0x00000007a0b58e00,0x00000007a3b80000)
  to   space 53248K, 0% used [0x00000007a8e00000,0x00000007a8e00000,0x00000007ac200000)
 ParOldGen       total 179712K, used 109429K [0x0000000740000000, 0x000000074af80000, 0x0000000795580000)
  object space 179712K, 60% used [0x0000000740000000,0x0000000746add6d0,0x000000074af80000)
 Metaspace       used 23351K, capacity 24974K, committed 25088K, reserved 1071104K
  class space    used 3292K, capacity 3570K, committed 3584K, reserved 1048576K
Event: 47.409 GC heap after
Heap after GC invocations=9 (full 1):
 PSYoungGen      total 305664K, used 7661K [0x0000000795580000, 0x00000007ab880000, 0x00000007c0000000)
  eden space 262144K, 0% used [0x0000000795580000,0x0000000795580000,0x00000007a5580000)
  from space 43520K, 17% used [0x00000007a8e00000,0x00000007a957b438,0x00000007ab880000)
  to   space 50688K, 0% used [0x00000007a5580000,0x00000007a5580000,0x00000007a8700000)
 ParOldGen       total 179712K, used 109429K [0x0000000740000000, 0x000000074af80000, 0x0000000795580000)
  object space 179712K, 60% used [0x0000000740000000,0x0000000746add6d0,0x000000074af80000)
 Metaspace       used 23351K, capacity 24974K, committed 25088K, reserved 1071104K
  class space    used 3292K, capacity 3570K, committed 3584K, reserved 1048576K
}
Event: 48.301 GC heap before
{Heap before GC invocations=10 (full 1):
 PSYoungGen      total 305664K, used 269805K [0x0000000795580000, 0x00000007ab880000, 0x00000007c0000000)
  eden space 262144K, 100% used [0x0000000795580000,0x00000007a5580000,0x00000007a5580000)
  from space 43520K, 17% used [0x00000007a8e00000,0x00000007a957b438,0x00000007ab880000)
  to   space 50688K, 0% used [0x00000007a5580000,0x00000007a5580000,0x00000007a8700000)
 ParOldGen       total 179712K, used 109429K [0x0000000740000000, 0x000000074af80000, 0x0000000795580000)
  object space 179712K, 60% used [0x0000000740000000,0x0000000746add6d0,0x000000074af80000)
 Metaspace       used 23352K, capacity 24974K, committed 25088K, reserved 1071104K
  class space    used 3292K, capacity 3570K, committed 3584K, reserved 1048576K
Event: 48.319 GC heap after
Heap after GC invocations=10 (full 1):
 PSYoungGen      total 312832K, used 9709K [0x0000000795580000, 0x00000007af900000, 0x00000007c0000000)
  eden space 262144K, 0% used [0x0000000795580000,0x0000000795580000,0x00000007a5580000)
  from space 50688K, 19% used [0x00000007a5580000,0x00000007a5efb440,0x00000007a8700000)
  to   space 47616K, 0% used [0x00000007aca80000,0x00000007aca80000,0x00000007af900000)
 ParOldGen       total 179712K, used 109437K [0x0000000740000000, 0x000000074af80000, 0x0000000795580000)
  object space 179712K, 60% used [0x0000000740000000,0x0000000746adf6d0,0x000000074af80000)
 Metaspace       used 23352K, capacity 24974K, committed 25088K, reserved 1071104K
  class space    used 3292K, capacity 3570K, committed 3584K, reserved 1048576K
}
Event: 49.032 GC heap before
{Heap before GC invocations=11 (full 1):
 PSYoungGen      total 312832K, used 271853K [0x0000000795580000, 0x00000007af900000, 0x00000007c0000000)
  eden space 262144K, 100% used [0x0000000795580000,0x00000007a5580000,0x00000007a5580000)
  from space 50688K, 19% used [0x00000007a5580000,0x00000007a5efb440,0x00000007a8700000)
  to   space 47616K, 0% used [0x00000007aca80000,0x00000007aca80000,0x00000007af900000)
 ParOldGen       total 179712K, used 109437K [0x0000000740000000, 0x000000074af80000, 0x0000000795580000)
  object space 179712K, 60% used [0x0000000740000000,0x0000000746adf6d0,0x000000074af80000)
 Metaspace       used 23352K, capacity 24974K, committed 25088K, reserved 1071104K
  class space    used 3292K, capacity 3570K, committed 3584K, reserved 1048576K
Event: 49.050 GC heap after
Heap after GC invocations=11 (full 1):
 PSYoungGen      total 379904K, used 9200K [0x0000000795580000, 0x00000007af600000, 0x00000007c0000000)
  eden space 335360K, 0% used [0x0000000795580000,0x0000000795580000,0x00000007a9d00000)
  from space 44544K, 20% used [0x00000007aca80000,0x00000007ad37c0e8,0x00000007af600000)
  to   space 45568K, 0% used [0x00000007a9d00000,0x00000007a9d00000,0x00000007ac980000)
 ParOldGen       total 179712K, used 109437K [0x0000000740000000, 0x000000074af80000, 0x0000000795580000)
  object space 179712K, 60% used [0x0000000740000000,0x0000000746adf6d0,0x000000074af80000)
 Metaspace       used 23352K, capacity 24974K, committed 25088K, reserved 1071104K
  class space    used 3292K, capacity 3570K, committed 3584K, reserved 1048576K
}
Event: 49.921 GC heap before
{Heap before GC invocations=12 (full 1):
 PSYoungGen      total 379904K, used 344560K [0x0000000795580000, 0x00000007af600000, 0x00000007c0000000)
  eden space 335360K, 100% used [0x0000000795580000,0x00000007a9d00000,0x00000007a9d00000)
  from space 44544K, 20% used [0x00000007aca80000,0x00000007ad37c0e8,0x00000007af600000)
  to   space 45568K, 0% used [0x00000007a9d00000,0x00000007a9d00000,0x00000007ac980000)
 ParOldGen       total 179712K, used 109437K [0x0000000740000000, 0x000000074af80000, 0x0000000795580000)
  object space 179712K, 60% used [0x0000000740000000,0x0000000746adf6d0,0x000000074af80000)
 Metaspace       used 23365K, capacity 24974K, committed 25088K, reserved 1071104K
  class space    used 3292K, capacity 3570K, committed 3584K, reserved 1048576K
Event: 49.930 GC heap after
Heap after GC invocations=12 (full 1):
 PSYoungGen      total 380928K, used 9607K [0x0000000795580000, 0x00000007b4400000, 0x00000007c0000000)
  eden space 335360K, 0% used [0x0000000795580000,0x0000000795580000,0x00000007a9d00000)
  from space 45568K, 21% used [0x00000007a9d00000,0x00000007aa661c30,0x00000007ac980000)
  to   space 43008K, 0% used [0x00000007b1a00000,0x00000007b1a00000,0x00000007b4400000)
 ParOldGen       total 179712K, used 109437K [0x0000000740000000, 0x000000074af80000, 0x0000000795580000)
  object space 179712K, 60% used [0x0000000740000000,0x0000000746adf6d0,0x000000074af80000)
 Metaspace       used 23365K, capacity 24974K, committed 25088K, reserved 1071104K
  class space    used 3292K, capacity 3570K, committed 3584K, reserved 1048576K
}

