# JRE version: Java(TM) SE Runtime Environment (8.0_144-b01) (build 1.8.0_144-b01)
# Java VM: Java HotSpot(TM) 64-Bit Server VM (25.144-b01 mixed mode bsd-amd64 compressed oops)
Heap:
 PSYoungGen      total 71680K, used 65306K [0x0000000795580000, 0x000000079a080000, 0x00000007c0000000)
  eden space 66560K, 98% used [0x0000000795580000,0x0000000799546968,0x0000000799680000)
  from space 5120K, 0% used [0x0000000799b80000,0x0000000799b80000,0x000000079a080000)
  to   space 5120K, 0% used [0x0000000799680000,0x0000000799680000,0x0000000799b80000)
 ParOldGen       total 162304K, used 78286K [0x0000000740000000, 0x0000000749e80000, 0x0000000795580000)
  object space 162304K, 48% used [0x0000000740000000,0x0000000744c73928,0x0000000749e80000)
 Metaspace       used 21327K, capacity 22560K, committed 22912K, reserved 1069056K
  class space    used 3081K, capacity 3343K, committed 3456K, reserved 1048576K
GC Heap History (10 events):
Event: 1.206 GC heap before
{Heap before GC invocations=1 (full 0):
 PSYoungGen      total 38400K, used 33280K [0x0000000795580000, 0x0000000798000000, 0x00000007c0000000)
  eden space 33280K, 100% used [0x0000000795580000,0x0000000797600000,0x0000000797600000)
  from space 5120K, 0% used [0x0000000797b00000,0x0000000797b00000,0x0000000798000000)
  to   space 5120K, 0% used [0x0000000797600000,0x0000000797600000,0x0000000797b00000)
 ParOldGen       total 87552K, used 0K [0x0000000740000000, 0x0000000745580000, 0x0000000795580000)
  object space 87552K, 0% used [0x0000000740000000,0x0000000740000000,0x0000000745580000)
 Metaspace       used 11203K, capacity 11588K, committed 11776K, reserved 1058816K
  class space    used 1399K, capacity 1531K, committed 1536K, reserved 1048576K
Event: 1.212 GC heap after
Heap after GC invocations=1 (full 0):
 PSYoungGen      total 38400K, used 4416K [0x0000000795580000, 0x0000000798000000, 0x00000007c0000000)
  eden space 33280K, 0% used [0x0000000795580000,0x0000000795580000,0x0000000797600000)
  from space 5120K, 86% used [0x0000000797600000,0x0000000797a50020,0x0000000797b00000)
  to   space 5120K, 0% used [0x0000000797b00000,0x0000000797b00000,0x0000000798000000)
 ParOldGen       total 87552K, used 80K [0x0000000740000000, 0x0000000745580000, 0x0000000795580000)
  object space 87552K, 0% used [0x0000000740000000,0x0000000740014010,0x0000000745580000)
 Metaspace       used 11203K, capacity 11588K, committed 11776K, reserved 1058816K
  class space    used 1399K, capacity 1531K, committed 1536K, reserved 1048576K
}
Event: 1.811 GC heap before
{Heap before GC invocations=2 (full 0):
 PSYoungGen      total 38400K, used 37696K [0x0000000795580000, 0x0000000798000000, 0x00000007c0000000)
  eden space 33280K, 100% used [0x0000000795580000,0x0000000797600000,0x0000000797600000)
  from space 5120K, 86% used [0x0000000797600000,0x0000000797a50020,0x0000000797b00000)
  to   space 5120K, 0% used [0x0000000797b00000,0x0000000797b00000,0x0000000798000000)
 ParOldGen       total 87552K, used 80K [0x0000000740000000, 0x0000000745580000, 0x0000000795580000)
  object space 87552K, 0% used [0x0000000740000000,0x0000000740014010,0x0000000745580000)
 Metaspace       used 15110K, capacity 15818K, committed 16000K, reserved 1062912K
  class space    used 2144K, capacity 2306K, committed 2432K, reserved 1048576K
Event: 1.834 GC heap after
Heap after GC invocations=2 (full 0):
 PSYoungGen      total 38400K, used 5101K [0x0000000795580000, 0x000000079a080000, 0x00000007c0000000)
  eden space 33280K, 0% used [0x0000000795580000,0x0000000795580000,0x0000000797600000)
  from space 5120K, 99% used [0x0000000797b00000,0x0000000797ffb438,0x0000000798000000)
  to   space 5120K, 0% used [0x0000000797600000,0x0000000797600000,0x0000000797b00000)
 ParOldGen       total 87552K, used 13991K [0x0000000740000000, 0x0000000745580000, 0x0000000795580000)
  object space 87552K, 15% used [0x0000000740000000,0x0000000740da9f58,0x0000000745580000)
 Metaspace       used 15110K, capacity 15818K, committed 16000K, reserved 1062912K
  class space    used 2144K, capacity 2306K, committed 2432K, reserved 1048576K
}
Event: 1.919 GC heap before
{Heap before GC invocations=3 (full 0):
 PSYoungGen      total 38400K, used 38010K [0x0000000795580000, 0x000000079a080000, 0x00000007c0000000)
  eden space 33280K, 98% used [0x0000000795580000,0x00000007975a3400,0x0000000797600000)
  from space 5120K, 99% used [0x0000000797b00000,0x0000000797ffb438,0x0000000798000000)
  to   space 5120K, 0% used [0x0000000797600000,0x0000000797600000,0x0000000797b00000)
 ParOldGen       total 87552K, used 13991K [0x0000000740000000, 0x0000000745580000, 0x0000000795580000)
  object space 87552K, 15% used [0x0000000740000000,0x0000000740da9f58,0x0000000745580000)
 Metaspace       used 15111K, capacity 15818K, committed 16000K, reserved 1062912K
  class space    used 2144K, capacity 2306K, committed 2432K, reserved 1048576K
Event: 1.941 GC heap after
Heap after GC invocations=3 (full 0):
 PSYoungGen      total 38400K, used 5105K [0x0000000795580000, 0x000000079a080000, 0x00000007c0000000)
  eden space 33280K, 0% used [0x0000000795580000,0x0000000795580000,0x0000000797600000)
  from space 5120K, 99% used [0x0000000797600000,0x0000000797afc478,0x0000000797b00000)
  to   space 5120K, 0% used [0x0000000799b80000,0x0000000799b80000,0x000000079a080000)
 ParOldGen       total 87552K, used 43704K [0x0000000740000000, 0x0000000745580000, 0x0000000795580000)
  object space 87552K, 49% used [0x0000000740000000,0x0000000742aae128,0x0000000745580000)
 Metaspace       used 15111K, capacity 15818K, committed 16000K, reserved 1062912K
  class space    used 2144K, capacity 2306K, committed 2432K, reserved 1048576K
}
Event: 2.020 GC heap before
{Heap before GC invocations=4 (full 0):
 PSYoungGen      total 38400K, used 38371K [0x0000000795580000, 0x000000079a080000, 0x00000007c0000000)
  eden space 33280K, 99% used [0x0000000795580000,0x00000007975fc910,0x0000000797600000)
  from space 5120K, 99% used [0x0000000797600000,0x0000000797afc478,0x0000000797b00000)
  to   space 5120K, 0% used [0x0000000799b80000,0x0000000799b80000,0x000000079a080000)
 ParOldGen       total 87552K, used 43704K [0x0000000740000000, 0x0000000745580000, 0x0000000795580000)
  object space 87552K, 49% used [0x0000000740000000,0x0000000742aae128,0x0000000745580000)
 Metaspace       used 15111K, capacity 15818K, committed 16000K, reserved 1062912K
  class space    used 2144K, capacity 2306K, committed 2432K, reserved 1048576K
Event: 2.051 GC heap after
Heap after GC invocations=4 (full 0):
 PSYoungGen      total 71680K, used 5088K [0x0000000795580000, 0x000000079a080000, 0x00000007c0000000)
  eden space 66560K, 0% used [0x0000000795580000,0x0000000795580000,0x0000000799680000)
  from space 5120K, 99% used [0x0000000799b80000,0x000000079a078260,0x000000079a080000)
  to   space 5120K, 0% used [0x0000000799680000,0x0000000799680000,0x0000000799b80000)
 ParOldGen       total 87552K, used 73416K [0x0000000740000000, 0x0000000745580000, 0x0000000795580000)
  object space 87552K, 83% used [0x0000000740000000,0x00000007447b22f8,0x0000000745580000)
 Metaspace       used 15111K, capacity 15818K, committed 16000K, reserved 1062912K
  class space    used 2144K, capacity 2306K, committed 2432K, reserved 1048576K
}
Event: 2.051 GC heap before
{Heap before GC invocations=5 (full 1):
 PSYoungGen      total 71680K, used 5088K [0x0000000795580000, 0x000000079a080000, 0x00000007c0000000)
  eden space 66560K, 0% used [0x0000000795580000,0x0000000795580000,0x0000000799680000)
  from space 5120K, 99% used [0x0000000799b80000,0x000000079a078260,0x000000079a080000)
  to   space 5120K, 0% used [0x0000000799680000,0x0000000799680000,0x0000000799b80000)
 ParOldGen       total 87552K, used 73416K [0x0000000740000000, 0x0000000745580000, 0x0000000795580000)
  object space 87552K, 83% used [0x0000000740000000,0x00000007447b22f8,0x0000000745580000)
 Metaspace       used 15111K, capacity 15818K, committed 16000K, reserved 1062912K
  class space    used 2144K, capacity 2306K, committed 2432K, reserved 1048576K
Event: 2.124 GC heap after
Heap after GC invocations=5 (full 1):
 PSYoungGen      total 71680K, used 0K [0x0000000795580000, 0x000000079a080000, 0x00000007c0000000)
  eden space 66560K, 0% used [0x0000000795580000,0x0000000795580000,0x0000000799680000)
  from space 5120K, 0% used [0x0000000799b80000,0x0000000799b80000,0x000000079a080000)
  to   space 5120K, 0% used [0x0000000799680000,0x0000000799680000,0x0000000799b80000)
 ParOldGen       total 162304K, used 78286K [0x0000000740000000, 0x0000000749e80000, 0x0000000795580000)
  object space 162304K, 48% used [0x0000000740000000,0x0000000744c73928,0x0000000749e80000)
 Metaspace       used 15111K, capacity 15818K, committed 16000K, reserved 1062912K
  class space    used 2144K, capacity 2306K, committed 2432K, reserved 1048576K
}

