# JRE version: Java(TM) SE Runtime Environment (8.0_144-b01) (build 1.8.0_144-b01)
# Java VM: Java HotSpot(TM) 64-Bit Server VM (25.144-b01 mixed mode bsd-amd64 compressed oops)
Heap:
 PSYoungGen      total 71680K, used 24599K [0x0000000795580000, 0x00000007a1e80000, 0x00000007c0000000)
  eden space 66560K, 29% used [0x0000000795580000,0x0000000796889db0,0x0000000799680000)
  from space 5120K, 99% used [0x0000000799680000,0x0000000799b7c010,0x0000000799b80000)
  to   space 45568K, 0% used [0x000000079f200000,0x000000079f200000,0x00000007a1e80000)
 ParOldGen       total 164352K, used 103430K [0x0000000740000000, 0x000000074a080000, 0x0000000795580000)
  object space 164352K, 62% used [0x0000000740000000,0x00000007465018f8,0x000000074a080000)
 Metaspace       used 22963K, capacity 24536K, committed 24832K, reserved 1071104K
  class space    used 3225K, capacity 3477K, committed 3584K, reserved 1048576K
GC Heap History (10 events):
Event: 1.739 GC heap before
{Heap before GC invocations=2 (full 0):
 PSYoungGen      total 38400K, used 36929K [0x0000000795580000, 0x0000000798000000, 0x00000007c0000000)
  eden space 33280K, 97% used [0x0000000795580000,0x0000000797554478,0x0000000797600000)
  from space 5120K, 84% used [0x0000000797600000,0x0000000797a3c050,0x0000000797b00000)
  to   space 5120K, 0% used [0x0000000797b00000,0x0000000797b00000,0x0000000798000000)
 ParOldGen       total 87552K, used 80K [0x0000000740000000, 0x0000000745580000, 0x0000000795580000)
  object space 87552K, 0% used [0x0000000740000000,0x0000000740014010,0x0000000745580000)
 Metaspace       used 15076K, capacity 15750K, committed 16000K, reserved 1062912K
  class space    used 2145K, capacity 2306K, committed 2432K, reserved 1048576K
Event: 1.750 GC heap after
Heap after GC invocations=2 (full 0):
 PSYoungGen      total 38400K, used 5115K [0x0000000795580000, 0x000000079a080000, 0x00000007c0000000)
  eden space 33280K, 0% used [0x0000000795580000,0x0000000795580000,0x0000000797600000)
  from space 5120K, 99% used [0x0000000797b00000,0x0000000797ffed48,0x0000000798000000)
  to   space 5120K, 0% used [0x0000000797600000,0x0000000797600000,0x0000000797b00000)
 ParOldGen       total 87552K, used 16502K [0x0000000740000000, 0x0000000745580000, 0x0000000795580000)
  object space 87552K, 18% used [0x0000000740000000,0x000000074101db48,0x0000000745580000)
 Metaspace       used 15076K, capacity 15750K, committed 16000K, reserved 1062912K
  class space    used 2145K, capacity 2306K, committed 2432K, reserved 1048576K
}
Event: 1.843 GC heap before
{Heap before GC invocations=3 (full 0):
 PSYoungGen      total 38400K, used 38395K [0x0000000795580000, 0x000000079a080000, 0x00000007c0000000)
  eden space 33280K, 100% used [0x0000000795580000,0x0000000797600000,0x0000000797600000)
  from space 5120K, 99% used [0x0000000797b00000,0x0000000797ffed48,0x0000000798000000)
  to   space 5120K, 0% used [0x0000000797600000,0x0000000797600000,0x0000000797b00000)
 ParOldGen       total 87552K, used 16502K [0x0000000740000000, 0x0000000745580000, 0x0000000795580000)
  object space 87552K, 18% used [0x0000000740000000,0x000000074101db48,0x0000000745580000)
 Metaspace       used 15077K, capacity 15750K, committed 16000K, reserved 1062912K
  class space    used 2145K, capacity 2306K, committed 2432K, reserved 1048576K
Event: 1.867 GC heap after
Heap after GC invocations=3 (full 0):
 PSYoungGen      total 38400K, used 5089K [0x0000000795580000, 0x000000079a080000, 0x00000007c0000000)
  eden space 33280K, 0% used [0x0000000795580000,0x0000000795580000,0x0000000797600000)
  from space 5120K, 99% used [0x0000000797600000,0x0000000797af8458,0x0000000797b00000)
  to   space 5120K, 0% used [0x0000000799b80000,0x0000000799b80000,0x000000079a080000)
 ParOldGen       total 87552K, used 46263K [0x0000000740000000, 0x0000000745580000, 0x0000000795580000)
  object space 87552K, 52% used [0x0000000740000000,0x0000000742d2dd18,0x0000000745580000)
 Metaspace       used 15077K, capacity 15750K, committed 16000K, reserved 1062912K
  class space    used 2145K, capacity 2306K, committed 2432K, reserved 1048576K
}
Event: 1.959 GC heap before
{Heap before GC invocations=4 (full 0):
 PSYoungGen      total 38400K, used 37436K [0x0000000795580000, 0x000000079a080000, 0x00000007c0000000)
  eden space 33280K, 97% used [0x0000000795580000,0x0000000797516f90,0x0000000797600000)
  from space 5120K, 99% used [0x0000000797600000,0x0000000797af8458,0x0000000797b00000)
  to   space 5120K, 0% used [0x0000000799b80000,0x0000000799b80000,0x000000079a080000)
 ParOldGen       total 87552K, used 46263K [0x0000000740000000, 0x0000000745580000, 0x0000000795580000)
  object space 87552K, 52% used [0x0000000740000000,0x0000000742d2dd18,0x0000000745580000)
 Metaspace       used 15078K, capacity 15750K, committed 16000K, reserved 1062912K
  class space    used 2145K, capacity 2306K, committed 2432K, reserved 1048576K
Event: 1.978 GC heap after
Heap after GC invocations=4 (full 0):
 PSYoungGen      total 71680K, used 5072K [0x0000000795580000, 0x000000079a080000, 0x00000007c0000000)
  eden space 66560K, 0% used [0x0000000795580000,0x0000000795580000,0x0000000799680000)
  from space 5120K, 99% used [0x0000000799b80000,0x000000079a074260,0x000000079a080000)
  to   space 5120K, 0% used [0x0000000799680000,0x0000000799680000,0x0000000799b80000)
 ParOldGen       total 87552K, used 74943K [0x0000000740000000, 0x0000000745580000, 0x0000000795580000)
  object space 87552K, 85% used [0x0000000740000000,0x000000074492fed8,0x0000000745580000)
 Metaspace       used 15078K, capacity 15750K, committed 16000K, reserved 1062912K
  class space    used 2145K, capacity 2306K, committed 2432K, reserved 1048576K
}
Event: 1.978 GC heap before
{Heap before GC invocations=5 (full 1):
 PSYoungGen      total 71680K, used 5072K [0x0000000795580000, 0x000000079a080000, 0x00000007c0000000)
  eden space 66560K, 0% used [0x0000000795580000,0x0000000795580000,0x0000000799680000)
  from space 5120K, 99% used [0x0000000799b80000,0x000000079a074260,0x000000079a080000)
  to   space 5120K, 0% used [0x0000000799680000,0x0000000799680000,0x0000000799b80000)
 ParOldGen       total 87552K, used 74943K [0x0000000740000000, 0x0000000745580000, 0x0000000795580000)
  object space 87552K, 85% used [0x0000000740000000,0x000000074492fed8,0x0000000745580000)
 Metaspace       used 15078K, capacity 15750K, committed 16000K, reserved 1062912K
  class space    used 2145K, capacity 2306K, committed 2432K, reserved 1048576K
Event: 2.038 GC heap after
Heap after GC invocations=5 (full 1):
 PSYoungGen      total 71680K, used 0K [0x0000000795580000, 0x000000079a080000, 0x00000007c0000000)
  eden space 66560K, 0% used [0x0000000795580000,0x0000000795580000,0x0000000799680000)
  from space 5120K, 0% used [0x0000000799b80000,0x0000000799b80000,0x000000079a080000)
  to   space 5120K, 0% used [0x0000000799680000,0x0000000799680000,0x0000000799b80000)
 ParOldGen       total 164352K, used 79879K [0x0000000740000000, 0x000000074a080000, 0x0000000795580000)
  object space 164352K, 48% used [0x0000000740000000,0x0000000744e01e28,0x000000074a080000)
 Metaspace       used 15078K, capacity 15750K, committed 16000K, reserved 1062912K
  class space    used 2145K, capacity 2306K, committed 2432K, reserved 1048576K
}
Event: 7.530 GC heap before
{Heap before GC invocations=6 (full 1):
 PSYoungGen      total 71680K, used 66560K [0x0000000795580000, 0x000000079a080000, 0x00000007c0000000)
  eden space 66560K, 100% used [0x0000000795580000,0x0000000799680000,0x0000000799680000)
  from space 5120K, 0% used [0x0000000799b80000,0x0000000799b80000,0x000000079a080000)
  to   space 5120K, 0% used [0x0000000799680000,0x0000000799680000,0x0000000799b80000)
 ParOldGen       total 164352K, used 79879K [0x0000000740000000, 0x000000074a080000, 0x0000000795580000)
  object space 164352K, 48% used [0x0000000740000000,0x0000000744e01e40,0x000000074a080000)
 Metaspace       used 21882K, capacity 23272K, committed 23552K, reserved 1069056K
  class space    used 3199K, capacity 3469K, committed 3584K, reserved 1048576K
Event: 7.550 GC heap after
Heap after GC invocations=6 (full 1):
 PSYoungGen      total 71680K, used 5104K [0x0000000795580000, 0x00000007a1e80000, 0x00000007c0000000)
  eden space 66560K, 0% used [0x0000000795580000,0x0000000795580000,0x0000000799680000)
  from space 5120K, 99% used [0x0000000799680000,0x0000000799b7c010,0x0000000799b80000)
  to   space 45568K, 0% used [0x000000079f200000,0x000000079f200000,0x00000007a1e80000)
 ParOldGen       total 164352K, used 103430K [0x0000000740000000, 0x000000074a080000, 0x0000000795580000)
  object space 164352K, 62% used [0x0000000740000000,0x00000007465018f8,0x000000074a080000)
 Metaspace       used 21882K, capacity 23272K, committed 23552K, reserved 1069056K
  class space    used 3199K, capacity 3469K, committed 3584K, reserved 1048576K
}

